TN:
SF:/home/brandon/force-vue/src/components/ViewPerson.vue
FN:17,_interopRequireDefault
FN:25,data
FN:44,fetchRandomPerson
FN:51,(anonymous_4)
FN:53,(anonymous_5)
FNF:5
FNH:2
FNDA:2,_interopRequireDefault
FNDA:1,data
FNDA:0,fetchRandomPerson
FNDA:0,(anonymous_4)
FNDA:0,(anonymous_5)
DA:0,2
DA:24,1
DA:25,1
DA:34,1
DA:51,0
DA:52,0
DA:53,0
DA:54,0
DA:55,0
DA:56,0
DA:57,0
DA:58,0
DA:59,0
DA:60,0
DA:61,0
DA:62,0
DA:64,0
DA:65,0
LF:18
LH:4
BRDA:17,1,0,2
BRDA:17,1,1,0
BRDA:17,2,0,2
BRDA:17,2,1,2
BRDA:55,3,0,0
BRDA:55,3,1,0
BRF:6
BRH:4
end_of_record
TN:
SF:/home/brandon/force-vue/src/api/person.js
FN:19,_interopRequireDefault
FN:32,(anonymous_2)
FN:36,(anonymous_3)
FN:41,(anonymous_4)
FN:48,(anonymous_5)
FN:52,(anonymous_6)
FN:61,(anonymous_7)
FNF:7
FNH:1
FNDA:2,_interopRequireDefault
FNDA:0,(anonymous_2)
FNDA:0,(anonymous_3)
FNDA:0,(anonymous_4)
FNDA:0,(anonymous_5)
FNDA:0,(anonymous_6)
FNDA:0,(anonymous_7)
DA:0,2
DA:1,1
DA:2,1
DA:3,1
DA:4,1
DA:6,1
DA:7,1
DA:8,1
DA:9,1
DA:10,1
DA:13,1
DA:14,0
DA:15,0
DA:17,0
DA:18,0
DA:19,0
DA:21,0
DA:22,0
DA:23,0
DA:24,0
DA:29,1
DA:30,0
DA:31,0
DA:33,0
DA:34,0
DA:35,0
DA:37,0
DA:41,0
DA:42,0
DA:43,0
DA:44,0
DA:45,0
DA:46,0
DA:47,0
DA:48,0
DA:49,0
DA:51,0
LF:37
LH:12
BRDA:19,1,0,1
BRDA:19,1,1,1
BRDA:19,2,0,2
BRDA:19,2,1,2
BRDA:33,3,0,0
BRDA:33,3,1,0
BRDA:37,4,0,0
BRDA:37,4,1,0
BRDA:49,5,0,0
BRDA:49,5,1,0
BRDA:53,6,0,0
BRDA:53,6,1,0
BRDA:63,7,0,0
BRDA:63,7,1,0
BRDA:63,8,0,0
BRDA:63,8,1,0
BRDA:65,9,0,0
BRDA:65,9,1,0
BRDA:67,10,0,0
BRDA:67,10,1,0
BRF:20
BRH:4
end_of_record
TN:
SF:/home/brandon/force-vue/src/App.vue
FN:19,_interopRequireDefault
FN:27,data
FNF:2
FNH:1
FNDA:3,_interopRequireDefault
FNDA:0,data
DA:0,3
DA:18,1
DA:19,1
DA:20,1
DA:28,0
LF:5
LH:4
BRDA:19,1,0,0
BRDA:19,1,1,3
BRDA:19,2,0,3
BRDA:19,2,1,3
BRF:4
BRH:4
end_of_record
TN:
SF:/home/brandon/force-vue/src/components/ViewPlanet.vue
FN:17,_interopRequireDefault
FN:25,data
FN:42,fetchRandomPlanet
FN:46,(anonymous_4)
FNF:4
FNH:1
FNDA:2,_interopRequireDefault
FNDA:0,data
FNDA:0,fetchRandomPlanet
FNDA:0,(anonymous_4)
DA:0,2
DA:19,1
DA:20,1
DA:29,0
DA:44,0
DA:45,0
DA:46,0
DA:47,0
LF:8
LH:3
BRDA:17,1,0,2
BRDA:17,1,1,0
BRDA:17,2,0,2
BRDA:17,2,1,2
BRF:4
BRH:4
end_of_record
TN:
SF:/home/brandon/force-vue/src/api/planet.js
FN:19,_interopRequireDefault
FN:27,(anonymous_2)
FN:31,(anonymous_3)
FN:36,(anonymous_4)
FNF:4
FNH:1
FNDA:2,_interopRequireDefault
FNDA:0,(anonymous_2)
FNDA:0,(anonymous_3)
FNDA:0,(anonymous_4)
DA:0,2
DA:1,1
DA:3,1
DA:4,1
DA:6,1
DA:7,1
DA:8,1
DA:11,1
DA:12,0
DA:13,0
DA:15,0
DA:16,0
DA:17,0
DA:19,0
DA:20,0
DA:21,0
DA:22,0
LF:17
LH:8
BRDA:19,1,0,1
BRDA:19,1,1,1
BRDA:19,2,0,2
BRDA:19,2,1,2
BRDA:28,3,0,0
BRDA:28,3,1,0
BRDA:32,4,0,0
BRDA:32,4,1,0
BRF:8
BRH:4
end_of_record
TN:
SF:/home/brandon/force-vue/src/components/ViewStarship.vue
FN:17,_interopRequireDefault
FN:25,data
FN:41,fetchRandomStarship
FN:45,(anonymous_4)
FNF:4
FNH:1
FNDA:2,_interopRequireDefault
FNDA:0,data
FNDA:0,fetchRandomStarship
FNDA:0,(anonymous_4)
DA:0,2
DA:18,1
DA:19,1
DA:28,0
DA:42,0
DA:43,0
DA:44,0
DA:45,0
LF:8
LH:3
BRDA:17,1,0,2
BRDA:17,1,1,0
BRDA:17,2,0,2
BRDA:17,2,1,2
BRF:4
BRH:4
end_of_record
TN:
SF:/home/brandon/force-vue/src/api/starship.js
FN:19,_interopRequireDefault
FN:27,(anonymous_2)
FN:31,(anonymous_3)
FN:36,(anonymous_4)
FNF:4
FNH:1
FNDA:2,_interopRequireDefault
FNDA:0,(anonymous_2)
FNDA:0,(anonymous_3)
FNDA:0,(anonymous_4)
DA:0,2
DA:1,1
DA:3,1
DA:4,1
DA:6,1
DA:7,1
DA:8,1
DA:11,1
DA:12,0
DA:13,0
DA:15,0
DA:16,0
DA:17,0
DA:19,0
DA:20,0
DA:21,0
DA:22,0
LF:17
LH:8
BRDA:19,1,0,1
BRDA:19,1,1,1
BRDA:19,2,0,2
BRDA:19,2,1,2
BRDA:28,3,0,0
BRDA:28,3,1,0
BRDA:32,4,0,0
BRDA:32,4,1,0
BRF:8
BRH:4
end_of_record
TN:
SF:/home/brandon/force-vue/src/components/Contact.vue
FN:15,data
FNF:1
FNH:0
FNDA:0,data
DA:0,1
DA:37,1
DA:46,0
LF:3
LH:2
BRF:0
BRH:0
end_of_record
